[debug] [2019-09-21T23:22:21.647Z] ----------------------------------------------------------------------
[debug] [2019-09-21T23:22:21.649Z] Command:       /usr/bin/node /usr/local/bin/firebase serve
[debug] [2019-09-21T23:22:21.649Z] CLI Version:   7.3.2
[debug] [2019-09-21T23:22:21.650Z] Platform:      linux
[debug] [2019-09-21T23:22:21.650Z] Node Version:  v8.10.0
[debug] [2019-09-21T23:22:21.650Z] Time:          Sun Sep 22 2019 07:22:21 GMT+0800 (WITA)
[debug] [2019-09-21T23:22:21.650Z] ----------------------------------------------------------------------
[debug] 
[debug] [2019-09-21T23:22:21.655Z] > command requires scopes: ["email","openid","https://www.googleapis.com/auth/cloudplatformprojects.readonly","https://www.googleapis.com/auth/firebase","https://www.googleapis.com/auth/cloud-platform"]
[debug] [2019-09-21T23:22:21.655Z] > authorizing via signed-in user
[debug] [2019-09-21T23:22:21.655Z] [iam] checking project rsvp-wedding-49099 for permissions ["firebase.projects.get"]
[debug] [2019-09-21T23:22:21.657Z] >>> HTTP REQUEST POST https://cloudresourcemanager.googleapis.com/v1/projects/rsvp-wedding-49099:testIamPermissions  

[debug] [2019-09-21T23:22:22.929Z] <<< HTTP RESPONSE 200
[debug] [2019-09-21T23:22:22.932Z] >>> HTTP REQUEST GET https://firebase.googleapis.com/v1beta1/projects/rsvp-wedding-49099  
 
[debug] [2019-09-21T23:22:23.461Z] <<< HTTP RESPONSE 200
[info] 
[info] === Serving from '/home/ubuntu-asus/wedding-invitation'...
[info] 
[debug] [2019-09-21T23:22:23.466Z] >>> HTTP REQUEST GET https://firebase.googleapis.com/v1beta1/projects/rsvp-wedding-49099/webApps/-/config  
 
[debug] [2019-09-21T23:22:24.206Z] <<< HTTP RESPONSE 200
[info] i  hosting: Serving hosting files from: public
[info] ✔  hosting: Local server: http://localhost:5000
